<?xml version="1.0" encoding="UTF-8"?>
<testsuites>
    <testsuite name="visiting-avanade.com;visit-avanade.com" tests="2" failures="0" skipped="2">
        <properties>
            <property name="@search" value="true">
            </property>
            <property name="URI" value="/Users/stevesmith/Documents/code/playtime/bdd-sample/features/avanade.feature">
            </property>
        </properties>
        <testcase name="When I visit &quot;Avanade.com&quot;" classname="visiting-avanade.com;visit-avanade.com">
            <skipped message="">
            </skipped>
        </testcase>
        <testcase name="Then I should see some content" classname="visiting-avanade.com;visit-avanade.com">
            <skipped message="">
            </skipped>
        </testcase>
    </testsuite>
    <testsuite name="searching-for-vote-cards-app;google-search-for-course-of-life-app" tests="2" failures="0" skipped="0">
        <properties>
            <property name="@search" value="true">
            </property>
            <property name="URI" value="/Users/stevesmith/Documents/code/playtime/bdd-sample/features/google-search.feature">
            </property>
        </properties>
        <testcase name="When I search Google for &quot;CourseOf.Life&quot;" classname="searching-for-vote-cards-app;google-search-for-course-of-life-app" time="4.493496786">
        </testcase>
        <testcase name="Then I should see some results" classname="searching-for-vote-cards-app;google-search-for-course-of-life-app" time="0.022084334">
        </testcase>
    </testsuite>
    <testsuite name="searching-for-vote-cards-app;google-search-for-avanade" tests="2" failures="0" skipped="0">
        <properties>
            <property name="@search" value="true">
            </property>
            <property name="URI" value="/Users/stevesmith/Documents/code/playtime/bdd-sample/features/google-search.feature">
            </property>
        </properties>
        <testcase name="When I search Google for &quot;Avanade&quot;" classname="searching-for-vote-cards-app;google-search-for-avanade" time="3.237432031">
        </testcase>
        <testcase name="Then I should see some results" classname="searching-for-vote-cards-app;google-search-for-avanade" time="0.019937108">
        </testcase>
    </testsuite>
</testsuites>